D:\AMAN\OOPS LAB\OOPS_PROJECT_1\DEBUG\OOPS_PROJECT_1.EXE
D:\AMAN\OOPS LAB\OOPS_PROJECT_1\DEBUG\OOPS_PROJECT_1.ILK
D:\AMAN\OOPS LAB\OOPS_PROJECT_1\DEBUG\OOPS_PROJECT_1.PDB
D:\AMAN\OOPS LAB\OOPS_PROJECT_1\OOPS_PROJECT_1\DEBUG\BACKGROUND.OBJ
D:\AMAN\OOPS LAB\OOPS_PROJECT_1\OOPS_PROJECT_1\DEBUG\BULLET.OBJ
D:\AMAN\OOPS LAB\OOPS_PROJECT_1\OOPS_PROJECT_1\DEBUG\CHARACTER.OBJ
D:\aman\OOPS LAB\OOPS_PROJECT_1\OOPS_PROJECT_1\Debug\cl.command.1.tlog
D:\aman\OOPS LAB\OOPS_PROJECT_1\OOPS_PROJECT_1\Debug\CL.read.1.tlog
D:\aman\OOPS LAB\OOPS_PROJECT_1\OOPS_PROJECT_1\Debug\CL.write.1.tlog
D:\AMAN\OOPS LAB\OOPS_PROJECT_1\OOPS_PROJECT_1\DEBUG\ENEMY.OBJ
D:\AMAN\OOPS LAB\OOPS_PROJECT_1\OOPS_PROJECT_1\DEBUG\EXPLOSION.OBJ
D:\aman\OOPS LAB\OOPS_PROJECT_1\OOPS_PROJECT_1\Debug\link.command.1.tlog
D:\aman\OOPS LAB\OOPS_PROJECT_1\OOPS_PROJECT_1\Debug\link.read.1.tlog
D:\aman\OOPS LAB\OOPS_PROJECT_1\OOPS_PROJECT_1\Debug\link.write.1.tlog
D:\aman\OOPS LAB\OOPS_PROJECT_1\OOPS_PROJECT_1\Debug\mt.command.1.tlog
D:\aman\OOPS LAB\OOPS_PROJECT_1\OOPS_PROJECT_1\Debug\mt.read.1.tlog
D:\aman\OOPS LAB\OOPS_PROJECT_1\OOPS_PROJECT_1\Debug\mt.write.1.tlog
D:\AMAN\OOPS LAB\OOPS_PROJECT_1\OOPS_PROJECT_1\DEBUG\OOPS_PROJECT_1.EXE.INTERMEDIATE.MANIFEST
D:\AMAN\OOPS LAB\OOPS_PROJECT_1\OOPS_PROJECT_1\DEBUG\PLAYER.OBJ
D:\AMAN\OOPS LAB\OOPS_PROJECT_1\OOPS_PROJECT_1\DEBUG\PROJECT.OBJ
D:\aman\OOPS LAB\OOPS_PROJECT_1\OOPS_PROJECT_1\Debug\vc100.idb
D:\AMAN\OOPS LAB\OOPS_PROJECT_1\OOPS_PROJECT_1\DEBUG\VC100.PDB
