Build started 11/25/2012 5:49:24 PM.
     1>Project "D:\aman\OOPS LAB\OOPS_PROJECT_1\OOPS_PROJECT_1\OOPS_PROJECT_1.vcxproj" on node 2 (build target(s)).
     1>InitializeBuildStatus:
         Creating "Debug\OOPS_PROJECT_1.unsuccessfulbuild" because "AlwaysCreate" was specified.
       ClCompile:
         C:\Program Files\Microsoft Visual Studio 10.0\VC\bin\CL.exe /c /Ic:\allegro\include /ZI /nologo /W3 /WX- /Od /Oy- /D _MBCS /Gm /EHsc /RTC1 /MDd /GS /fp:precise /Zc:wchar_t /Zc:forScope /Fo"Debug\\" /Fd"Debug\vc100.pdb" /Gd /TP /analyze- /errorReport:prompt player.cpp
         player.cpp
       Link:
         C:\Program Files\Microsoft Visual Studio 10.0\VC\bin\link.exe /ERRORREPORT:PROMPT /OUT:"D:\aman\OOPS LAB\OOPS_PROJECT_1\Debug\OOPS_PROJECT_1.exe" /NOLOGO /LIBPATH:c:\allegro\lib kernel32.lib user32.lib gdi32.lib winspool.lib comdlg32.lib advapi32.lib shell32.lib ole32.lib oleaut32.lib uuid.lib odbc32.lib odbccp32.lib "allegro-5.0.7-monolith-md-debug.lib" kernel32.lib user32.lib gdi32.lib winspool.lib comdlg32.lib advapi32.lib shell32.lib ole32.lib oleaut32.lib uuid.lib odbc32.lib odbccp32.lib /MANIFEST /ManifestFile:"Debug\OOPS_PROJECT_1.exe.intermediate.manifest" /MANIFESTUAC:"level='asInvoker' uiAccess='false'" /DEBUG /PDB:"D:\aman\OOPS LAB\OOPS_PROJECT_1\Debug\OOPS_PROJECT_1.pdb" /TLBID:1 /DYNAMICBASE /NXCOMPAT /IMPLIB:"D:\aman\OOPS LAB\OOPS_PROJECT_1\Debug\OOPS_PROJECT_1.lib" /MACHINE:X86 Debug\background.obj
         Debug\bullet.obj
         Debug\character.obj
         Debug\enemy.obj
         Debug\explosion.obj
         Debug\player.obj
         Debug\project.obj
         LINK : D:\aman\OOPS LAB\OOPS_PROJECT_1\Debug\OOPS_PROJECT_1.exe not found or not built by the last incremental link; performing full link
         OOPS_PROJECT_1.vcxproj -> D:\aman\OOPS LAB\OOPS_PROJECT_1\Debug\OOPS_PROJECT_1.exe
       Manifest:
         C:\Program Files\Microsoft SDKs\Windows\v7.0A\bin\mt.exe /nologo /verbose /outputresource:"D:\aman\OOPS LAB\OOPS_PROJECT_1\Debug\OOPS_PROJECT_1.exe;#1" /manifest Debug\OOPS_PROJECT_1.exe.intermediate.manifest
       FinalizeBuildStatus:
         Deleting file "Debug\OOPS_PROJECT_1.unsuccessfulbuild".
         Touching "Debug\OOPS_PROJECT_1.lastbuildstate".
     1>Done Building Project "D:\aman\OOPS LAB\OOPS_PROJECT_1\OOPS_PROJECT_1\OOPS_PROJECT_1.vcxproj" (build target(s)).

Build succeeded.

Time Elapsed 00:00:01.79
